{"numFailedTestSuites":3,"numFailedTests":0,"numPassedTestSuites":15,"numPassedTests":94,"numPendingTestSuites":0,"numPendingTests":1,"numRuntimeErrorTestSuites":3,"numTodoTests":0,"numTotalTestSuites":18,"numTotalTests":95,"openHandles":[],"snapshot":{"added":0,"didUpdate":false,"failure":false,"filesAdded":0,"filesRemoved":0,"filesRemovedList":[],"filesUnmatched":0,"filesUpdated":0,"matched":0,"total":0,"unchecked":0,"uncheckedKeysByFile":[],"unmatched":0,"updated":0},"startTime":1771867787194,"success":false,"testResults":[{"assertionResults":[{"ancestorTitles":["ServeisService","create"],"duration":97,"failureDetails":[],"failureMessages":[],"fullName":"ServeisService create crea un servei para la empresa actual","invocations":1,"location":null,"numPassingAsserts":2,"retryReasons":[],"status":"passed","title":"crea un servei para la empresa actual"},{"ancestorTitles":["ServeisService","findAll paginado"],"duration":14,"failureDetails":[],"failureMessages":[],"fullName":"ServeisService findAll paginado devuelve data y meta con pageSize 4","invocations":1,"location":null,"numPassingAsserts":3,"retryReasons":[],"status":"passed","title":"devuelve data y meta con pageSize 4"},{"ancestorTitles":["ServeisService","findOne"],"duration":14,"failureDetails":[],"failureMessages":[],"fullName":"ServeisService findOne retorna el servei si pertenece a la empresa","invocations":1,"location":null,"numPassingAsserts":1,"retryReasons":[],"status":"passed","title":"retorna el servei si pertenece a la empresa"},{"ancestorTitles":["ServeisService","findOne"],"duration":68,"failureDetails":[],"failureMessages":[],"fullName":"ServeisService findOne lanza NotFound si no existe","invocations":1,"location":null,"numPassingAsserts":1,"retryReasons":[],"status":"passed","title":"lanza NotFound si no existe"},{"ancestorTitles":["ServeisService","findOne"],"duration":14,"failureDetails":[],"failureMessages":[],"fullName":"ServeisService findOne lanza Forbidden si es de otra empresa","invocations":1,"location":null,"numPassingAsserts":1,"retryReasons":[],"status":"passed","title":"lanza Forbidden si es de otra empresa"},{"ancestorTitles":["ServeisService","update"],"duration":8,"failureDetails":[],"failureMessages":[],"fullName":"ServeisService update actualiza campos permitidos","invocations":1,"location":null,"numPassingAsserts":2,"retryReasons":[],"status":"passed","title":"actualiza campos permitidos"},{"ancestorTitles":["ServeisService","remove"],"duration":9,"failureDetails":[],"failureMessages":[],"fullName":"ServeisService remove desactiva el servei (soft delete)","invocations":1,"location":null,"numPassingAsserts":2,"retryReasons":[],"status":"passed","title":"desactiva el servei (soft delete)"},{"ancestorTitles":["ServeisService","findByTreballador"],"duration":9,"failureDetails":[],"failureMessages":[],"fullName":"ServeisService findByTreballador retorna serveis assignats al treballador","invocations":1,"location":null,"numPassingAsserts":2,"retryReasons":[],"status":"passed","title":"retorna serveis assignats al treballador"},{"ancestorTitles":["ServeisService","findByTreballador"],"duration":13,"failureDetails":[],"failureMessages":[],"fullName":"ServeisService findByTreballador lanza NotFoundException si el trabajador no existe","invocations":1,"location":null,"numPassingAsserts":1,"retryReasons":[],"status":"passed","title":"lanza NotFoundException si el trabajador no existe"},{"ancestorTitles":["ServeisService","findByTreballador"],"duration":18,"failureDetails":[],"failureMessages":[],"fullName":"ServeisService findByTreballador lanza ForbiddenException si el trabajador es de otra empresa","invocations":1,"location":null,"numPassingAsserts":1,"retryReasons":[],"status":"passed","title":"lanza ForbiddenException si el trabajador es de otra empresa"}],"endTime":1771867819648,"message":"","name":"C:\\Users\\amaam\\Documents\\GitHub\\android-pds24_4a\\BookMeNow-app\\backend\\src\\serveis\\serveis.service.spec.ts","startTime":1771867788798,"status":"passed","summary":""},{"assertionResults":[{"ancestorTitles":["ClientsController"],"duration":169,"failureDetails":[],"failureMessages":[],"fullName":"ClientsController should be defined","invocations":1,"location":null,"numPassingAsserts":1,"retryReasons":[],"status":"passed","title":"should be defined"}],"endTime":1771867820155,"message":"","name":"C:\\Users\\amaam\\Documents\\GitHub\\android-pds24_4a\\BookMeNow-app\\backend\\src\\clients\\clients.controller.spec.ts","startTime":1771867788956,"status":"passed","summary":""},{"assertionResults":[{"ancestorTitles":["AuthService","login"],"duration":741,"failureDetails":[],"failureMessages":[],"fullName":"AuthService login debería autenticar un usuario con credenciales válidas","invocations":1,"location":null,"numPassingAsserts":3,"retryReasons":[],"status":"passed","title":"debería autenticar un usuario con credenciales válidas"},{"ancestorTitles":["AuthService","login"],"duration":79,"failureDetails":[],"failureMessages":[],"fullName":"AuthService login debería lanzar UnauthorizedException con email inválido","invocations":1,"location":null,"numPassingAsserts":1,"retryReasons":[],"status":"passed","title":"debería lanzar UnauthorizedException con email inválido"},{"ancestorTitles":["AuthService","login"],"duration":519,"failureDetails":[],"failureMessages":[],"fullName":"AuthService login debería lanzar UnauthorizedException con contraseña incorrecta","invocations":1,"location":null,"numPassingAsserts":1,"retryReasons":[],"status":"passed","title":"debería lanzar UnauthorizedException con contraseña incorrecta"},{"ancestorTitles":["AuthService","signup"],"duration":226,"failureDetails":[],"failureMessages":[],"fullName":"AuthService signup debería crear una nueva empresa y usuario administrador","invocations":1,"location":null,"numPassingAsserts":1,"retryReasons":[],"status":"passed","title":"debería crear una nueva empresa y usuario administrador"},{"ancestorTitles":["AuthService","signup"],"duration":21,"failureDetails":[],"failureMessages":[],"fullName":"AuthService signup debería lanzar ConflictException si el email ya existe","invocations":1,"location":null,"numPassingAsserts":1,"retryReasons":[],"status":"passed","title":"debería lanzar ConflictException si el email ya existe"},{"ancestorTitles":["AuthService","validateUser"],"duration":10,"failureDetails":[],"failureMessages":[],"fullName":"AuthService validateUser debería devolver el usuario si existe","invocations":1,"location":null,"numPassingAsserts":2,"retryReasons":[],"status":"passed","title":"debería devolver el usuario si existe"},{"ancestorTitles":["AuthService","validateUser"],"duration":10,"failureDetails":[],"failureMessages":[],"fullName":"AuthService validateUser debería lanzar UnauthorizedException si el usuario no existe","invocations":1,"location":null,"numPassingAsserts":1,"retryReasons":[],"status":"passed","title":"debería lanzar UnauthorizedException si el usuario no existe"}],"endTime":1771867821539,"message":"","name":"C:\\Users\\amaam\\Documents\\GitHub\\android-pds24_4a\\BookMeNow-app\\backend\\src\\auth\\auth.service.spec.ts","startTime":1771867788826,"status":"passed","summary":""},{"assertionResults":[{"ancestorTitles":["EmpresasController"],"duration":88,"failureDetails":[],"failureMessages":[],"fullName":"EmpresasController should be defined","invocations":1,"location":null,"numPassingAsserts":1,"retryReasons":[],"status":"passed","title":"should be defined"},{"ancestorTitles":["EmpresasController","create"],"duration":29,"failureDetails":[],"failureMessages":[],"fullName":"EmpresasController create should call service.create","invocations":1,"location":null,"numPassingAsserts":2,"retryReasons":[],"status":"passed","title":"should call service.create"},{"ancestorTitles":["EmpresasController","findAll"],"duration":15,"failureDetails":[],"failureMessages":[],"fullName":"EmpresasController findAll should call service.findAll","invocations":1,"location":null,"numPassingAsserts":2,"retryReasons":[],"status":"passed","title":"should call service.findAll"},{"ancestorTitles":["EmpresasController","findOne"],"duration":16,"failureDetails":[],"failureMessages":[],"fullName":"EmpresasController findOne should call service.findOne","invocations":1,"location":null,"numPassingAsserts":2,"retryReasons":[],"status":"passed","title":"should call service.findOne"},{"ancestorTitles":["EmpresasController","update"],"duration":14,"failureDetails":[],"failureMessages":[],"fullName":"EmpresasController update should call service.update","invocations":1,"location":null,"numPassingAsserts":2,"retryReasons":[],"status":"passed","title":"should call service.update"},{"ancestorTitles":["EmpresasController","remove"],"duration":17,"failureDetails":[],"failureMessages":[],"fullName":"EmpresasController remove should call service.remove","invocations":1,"location":null,"numPassingAsserts":2,"retryReasons":[],"status":"passed","title":"should call service.remove"}],"endTime":1771867821843,"message":"","name":"C:\\Users\\amaam\\Documents\\GitHub\\android-pds24_4a\\BookMeNow-app\\backend\\src\\empresas\\empresas.controller.spec.ts","startTime":1771867788838,"status":"passed","summary":""},{"assertionResults":[{"ancestorTitles":["UsuarisController"],"duration":94,"failureDetails":[],"failureMessages":[],"fullName":"UsuarisController should be defined","invocations":1,"location":null,"numPassingAsserts":1,"retryReasons":[],"status":"passed","title":"should be defined"},{"ancestorTitles":["UsuarisController","create"],"duration":25,"failureDetails":[],"failureMessages":[],"fullName":"UsuarisController create should call service.create","invocations":1,"location":null,"numPassingAsserts":2,"retryReasons":[],"status":"passed","title":"should call service.create"},{"ancestorTitles":["UsuarisController","findAll"],"duration":21,"failureDetails":[],"failureMessages":[],"fullName":"UsuarisController findAll should call service.findAll","invocations":1,"location":null,"numPassingAsserts":2,"retryReasons":[],"status":"passed","title":"should call service.findAll"},{"ancestorTitles":["UsuarisController","findOne"],"duration":14,"failureDetails":[],"failureMessages":[],"fullName":"UsuarisController findOne should call service.findOne","invocations":1,"location":null,"numPassingAsserts":2,"retryReasons":[],"status":"passed","title":"should call service.findOne"},{"ancestorTitles":["UsuarisController","update"],"duration":10,"failureDetails":[],"failureMessages":[],"fullName":"UsuarisController update should call service.update","invocations":1,"location":null,"numPassingAsserts":2,"retryReasons":[],"status":"passed","title":"should call service.update"},{"ancestorTitles":["UsuarisController","remove"],"duration":15,"failureDetails":[],"failureMessages":[],"fullName":"UsuarisController remove should call service.remove","invocations":1,"location":null,"numPassingAsserts":2,"retryReasons":[],"status":"passed","title":"should call service.remove"}],"endTime":1771867821838,"message":"","name":"C:\\Users\\amaam\\Documents\\GitHub\\android-pds24_4a\\BookMeNow-app\\backend\\src\\usuaris\\usuaris.controller.spec.ts","startTime":1771867788647,"status":"passed","summary":""},{"assertionResults":[{"ancestorTitles":["ServeisController"],"duration":110,"failureDetails":[],"failureMessages":[],"fullName":"ServeisController should be defined","invocations":1,"location":null,"numPassingAsserts":1,"retryReasons":[],"status":"passed","title":"should be defined"},{"ancestorTitles":["ServeisController","create"],"duration":30,"failureDetails":[],"failureMessages":[],"fullName":"ServeisController create should call service.create","invocations":1,"location":null,"numPassingAsserts":2,"retryReasons":[],"status":"passed","title":"should call service.create"},{"ancestorTitles":["ServeisController","findAll"],"duration":14,"failureDetails":[],"failureMessages":[],"fullName":"ServeisController findAll should call service.findAll","invocations":1,"location":null,"numPassingAsserts":2,"retryReasons":[],"status":"passed","title":"should call service.findAll"},{"ancestorTitles":["ServeisController","findOne"],"duration":14,"failureDetails":[],"failureMessages":[],"fullName":"ServeisController findOne should call service.findOne","invocations":1,"location":null,"numPassingAsserts":2,"retryReasons":[],"status":"passed","title":"should call service.findOne"},{"ancestorTitles":["ServeisController","update"],"duration":24,"failureDetails":[],"failureMessages":[],"fullName":"ServeisController update should call service.update","invocations":1,"location":null,"numPassingAsserts":2,"retryReasons":[],"status":"passed","title":"should call service.update"},{"ancestorTitles":["ServeisController","remove"],"duration":15,"failureDetails":[],"failureMessages":[],"fullName":"ServeisController remove should call service.remove","invocations":1,"location":null,"numPassingAsserts":2,"retryReasons":[],"status":"passed","title":"should call service.remove"},{"ancestorTitles":["ServeisController","findByTreballador"],"duration":5,"failureDetails":[],"failureMessages":[],"fullName":"ServeisController findByTreballador should call service.findByTreballador","invocations":1,"location":null,"numPassingAsserts":2,"retryReasons":[],"status":"passed","title":"should call service.findByTreballador"}],"endTime":1771867822134,"message":"","name":"C:\\Users\\amaam\\Documents\\GitHub\\android-pds24_4a\\BookMeNow-app\\backend\\src\\serveis\\serveis.controller.spec.ts","startTime":1771867788730,"status":"passed","summary":""},{"assertionResults":[{"ancestorTitles":["AuthController"],"duration":98,"failureDetails":[],"failureMessages":[],"fullName":"AuthController should be defined","invocations":1,"location":null,"numPassingAsserts":1,"retryReasons":[],"status":"passed","title":"should be defined"},{"ancestorTitles":["AuthController","login"],"duration":12,"failureDetails":[],"failureMessages":[],"fullName":"AuthController login should call service.login with correct parameters","invocations":1,"location":null,"numPassingAsserts":2,"retryReasons":[],"status":"passed","title":"should call service.login with correct parameters"},{"ancestorTitles":["AuthController","signup"],"duration":11,"failureDetails":[],"failureMessages":[],"fullName":"AuthController signup should call service.signup with correct parameters","invocations":1,"location":null,"numPassingAsserts":2,"retryReasons":[],"status":"passed","title":"should call service.signup with correct parameters"},{"ancestorTitles":["AuthController","logout"],"duration":35,"failureDetails":[],"failureMessages":[],"fullName":"AuthController logout should call service.logout with correct parameters","invocations":1,"location":null,"numPassingAsserts":2,"retryReasons":[],"status":"passed","title":"should call service.logout with correct parameters"}],"endTime":1771867822620,"message":"","name":"C:\\Users\\amaam\\Documents\\GitHub\\android-pds24_4a\\BookMeNow-app\\backend\\src\\auth\\auth.controller.spec.ts","startTime":1771867788803,"status":"passed","summary":""},{"assertionResults":[{"ancestorTitles":["ReservesService"],"duration":19,"failureDetails":[],"failureMessages":[],"fullName":"ReservesService should be defined","invocations":1,"location":null,"numPassingAsserts":1,"retryReasons":[],"status":"passed","title":"should be defined"},{"ancestorTitles":["ReservesService","create"],"duration":9,"failureDetails":[],"failureMessages":[],"fullName":"ReservesService create should create a reserva successfully","invocations":1,"location":null,"numPassingAsserts":2,"retryReasons":[],"status":"passed","title":"should create a reserva successfully"},{"ancestorTitles":["ReservesService","create"],"duration":67,"failureDetails":[],"failureMessages":[],"fullName":"ReservesService create should throw ForbiddenException if overlap exists","invocations":1,"location":null,"numPassingAsserts":1,"retryReasons":[],"status":"passed","title":"should throw ForbiddenException if overlap exists"},{"ancestorTitles":["ReservesService","create"],"duration":7,"failureDetails":[],"failureMessages":[],"fullName":"ReservesService create should throw NotFoundException if servei not found","invocations":1,"location":null,"numPassingAsserts":1,"retryReasons":[],"status":"passed","title":"should throw NotFoundException if servei not found"},{"ancestorTitles":["ReservesService","create"],"duration":10,"failureDetails":[],"failureMessages":[],"fullName":"ReservesService create should throw NotFoundException if treballador not found","invocations":1,"location":null,"numPassingAsserts":1,"retryReasons":[],"status":"passed","title":"should throw NotFoundException if treballador not found"},{"ancestorTitles":["ReservesService","update"],"duration":14,"failureDetails":[],"failureMessages":[],"fullName":"ReservesService update should update a reserva","invocations":1,"location":null,"numPassingAsserts":1,"retryReasons":[],"status":"passed","title":"should update a reserva"},{"ancestorTitles":["ReservesService","update"],"duration":29,"failureDetails":[],"failureMessages":[],"fullName":"ReservesService update should throw NotFoundException if reserva not found","invocations":1,"location":null,"numPassingAsserts":1,"retryReasons":[],"status":"passed","title":"should throw NotFoundException if reserva not found"},{"ancestorTitles":["ReservesService","delete"],"duration":15,"failureDetails":[],"failureMessages":[],"fullName":"ReservesService delete should delete a reserva","invocations":1,"location":null,"numPassingAsserts":1,"retryReasons":[],"status":"passed","title":"should delete a reserva"},{"ancestorTitles":["ReservesService","delete"],"duration":9,"failureDetails":[],"failureMessages":[],"fullName":"ReservesService delete should throw NotFoundException if reserva not found","invocations":1,"location":null,"numPassingAsserts":1,"retryReasons":[],"status":"passed","title":"should throw NotFoundException if reserva not found"},{"ancestorTitles":["ReservesService","updateEstado"],"duration":9,"failureDetails":[],"failureMessages":[],"fullName":"ReservesService updateEstado should update status","invocations":1,"location":null,"numPassingAsserts":1,"retryReasons":[],"status":"passed","title":"should update status"},{"ancestorTitles":["ReservesService","updateEstado"],"duration":9,"failureDetails":[],"failureMessages":[],"fullName":"ReservesService updateEstado should throw NotFoundException if reserva not found","invocations":1,"location":null,"numPassingAsserts":1,"retryReasons":[],"status":"passed","title":"should throw NotFoundException if reserva not found"}],"endTime":1771867823485,"message":"","name":"C:\\Users\\amaam\\Documents\\GitHub\\android-pds24_4a\\BookMeNow-app\\backend\\src\\reserves\\reserves.service.spec.ts","startTime":1771867821955,"status":"passed","summary":""},{"assertionResults":[{"ancestorTitles":["UsuarisService","create"],"duration":295,"failureDetails":[],"failureMessages":[],"fullName":"UsuarisService create debería crear un nuevo usuario","invocations":1,"location":null,"numPassingAsserts":2,"retryReasons":[],"status":"passed","title":"debería crear un nuevo usuario"},{"ancestorTitles":["UsuarisService","create"],"duration":null,"failureDetails":[],"failureMessages":[],"fullName":"UsuarisService create debería lanzar ConflictException si el email ya existe","invocations":1,"location":null,"numPassingAsserts":0,"retryReasons":[],"status":"pending","title":"debería lanzar ConflictException si el email ya existe"},{"ancestorTitles":["UsuarisService","findAll"],"duration":9,"failureDetails":[],"failureMessages":[],"fullName":"UsuarisService findAll debería devolver todos los usuarios para ADMIN_GENERAL de su empresa","invocations":1,"location":null,"numPassingAsserts":2,"retryReasons":[],"status":"passed","title":"debería devolver todos los usuarios para ADMIN_GENERAL de su empresa"},{"ancestorTitles":["UsuarisService","findOne"],"duration":13,"failureDetails":[],"failureMessages":[],"fullName":"UsuarisService findOne debería devolver un usuario por ID","invocations":1,"location":null,"numPassingAsserts":1,"retryReasons":[],"status":"passed","title":"debería devolver un usuario por ID"},{"ancestorTitles":["UsuarisService","findOne"],"duration":51,"failureDetails":[],"failureMessages":[],"fullName":"UsuarisService findOne debería lanzar NotFoundException si el usuario no existe","invocations":1,"location":null,"numPassingAsserts":1,"retryReasons":[],"status":"passed","title":"debería lanzar NotFoundException si el usuario no existe"},{"ancestorTitles":["UsuarisService","update"],"duration":22,"failureDetails":[],"failureMessages":[],"fullName":"UsuarisService update debería actualizar un usuario","invocations":1,"location":null,"numPassingAsserts":2,"retryReasons":[],"status":"passed","title":"debería actualizar un usuario"},{"ancestorTitles":["UsuarisService","update"],"duration":11,"failureDetails":[],"failureMessages":[],"fullName":"UsuarisService update debería lanzar NotFoundException si el usuario no existe","invocations":1,"location":null,"numPassingAsserts":1,"retryReasons":[],"status":"passed","title":"debería lanzar NotFoundException si el usuario no existe"},{"ancestorTitles":["UsuarisService","remove"],"duration":13,"failureDetails":[],"failureMessages":[],"fullName":"UsuarisService remove debería eliminar un usuario","invocations":1,"location":null,"numPassingAsserts":2,"retryReasons":[],"status":"passed","title":"debería eliminar un usuario"},{"ancestorTitles":["UsuarisService","remove"],"duration":9,"failureDetails":[],"failureMessages":[],"fullName":"UsuarisService remove debería lanzar NotFoundException si el usuario no existe","invocations":1,"location":null,"numPassingAsserts":1,"retryReasons":[],"status":"passed","title":"debería lanzar NotFoundException si el usuario no existe"}],"endTime":1771867823604,"message":"","name":"C:\\Users\\amaam\\Documents\\GitHub\\android-pds24_4a\\BookMeNow-app\\backend\\src\\usuaris\\usuaris.service.spec.ts","startTime":1771867821592,"status":"focused","summary":""},{"assertionResults":[{"ancestorTitles":["TreballadorsService","create"],"duration":40,"failureDetails":[],"failureMessages":[],"fullName":"TreballadorsService create should create a treballador and assign jornada successfully","invocations":1,"location":null,"numPassingAsserts":3,"retryReasons":[],"status":"passed","title":"should create a treballador and assign jornada successfully"},{"ancestorTitles":["TreballadorsService","create"],"duration":10,"failureDetails":[],"failureMessages":[],"fullName":"TreballadorsService create should create a treballador without jornada if not provided","invocations":1,"location":null,"numPassingAsserts":2,"retryReasons":[],"status":"passed","title":"should create a treballador without jornada if not provided"},{"ancestorTitles":["TreballadorsService","create"],"duration":120,"failureDetails":[],"failureMessages":[],"fullName":"TreballadorsService create should throw ForbiddenException if user is not ADMIN_GENERAL","invocations":1,"location":null,"numPassingAsserts":1,"retryReasons":[],"status":"passed","title":"should throw ForbiddenException if user is not ADMIN_GENERAL"},{"ancestorTitles":["TreballadorsService","create"],"duration":7,"failureDetails":[],"failureMessages":[],"fullName":"TreballadorsService create should throw NotFoundException if target user does not exist","invocations":1,"location":null,"numPassingAsserts":1,"retryReasons":[],"status":"passed","title":"should throw NotFoundException if target user does not exist"},{"ancestorTitles":["TreballadorsService","create"],"duration":18,"failureDetails":[],"failureMessages":[],"fullName":"TreballadorsService create should throw ForbiddenException if target user belongs to another company","invocations":1,"location":null,"numPassingAsserts":1,"retryReasons":[],"status":"passed","title":"should throw ForbiddenException if target user belongs to another company"},{"ancestorTitles":["TreballadorsService","create","assignarServeis"],"duration":10,"failureDetails":[],"failureMessages":[],"fullName":"TreballadorsService create assignarServeis should assign services successfully","invocations":1,"location":null,"numPassingAsserts":1,"retryReasons":[],"status":"passed","title":"should assign services successfully"},{"ancestorTitles":["TreballadorsService","create","assignarServeis"],"duration":8,"failureDetails":[],"failureMessages":[],"fullName":"TreballadorsService create assignarServeis should throw ForbiddenException if user is not ADMIN_GENERAL","invocations":1,"location":null,"numPassingAsserts":1,"retryReasons":[],"status":"passed","title":"should throw ForbiddenException if user is not ADMIN_GENERAL"},{"ancestorTitles":["TreballadorsService","create","assignarServeis"],"duration":11,"failureDetails":[],"failureMessages":[],"fullName":"TreballadorsService create assignarServeis should throw NotFoundException if worker does not exist","invocations":1,"location":null,"numPassingAsserts":1,"retryReasons":[],"status":"passed","title":"should throw NotFoundException if worker does not exist"},{"ancestorTitles":["TreballadorsService","create","assignarServeis"],"duration":12,"failureDetails":[],"failureMessages":[],"fullName":"TreballadorsService create assignarServeis should throw NotFoundException if any service does not exist","invocations":1,"location":null,"numPassingAsserts":1,"retryReasons":[],"status":"passed","title":"should throw NotFoundException if any service does not exist"},{"ancestorTitles":["TreballadorsService","getDisponibilitat"],"duration":157,"failureDetails":[],"failureMessages":[],"fullName":"TreballadorsService getDisponibilitat should return availability slots","invocations":1,"location":null,"numPassingAsserts":3,"retryReasons":[],"status":"passed","title":"should return availability slots"},{"ancestorTitles":["TreballadorsService","getDisponibilitat"],"duration":31,"failureDetails":[],"failureMessages":[],"fullName":"TreballadorsService getDisponibilitat should filter slots based on reservations","invocations":1,"location":null,"numPassingAsserts":2,"retryReasons":[],"status":"passed","title":"should filter slots based on reservations"}],"endTime":1771867823746,"message":"","name":"C:\\Users\\amaam\\Documents\\GitHub\\android-pds24_4a\\BookMeNow-app\\backend\\src\\treballadors\\treballadors.service.spec.ts","startTime":1771867821899,"status":"passed","summary":""},{"assertionResults":[{"ancestorTitles":["ReservesController"],"duration":35,"failureDetails":[],"failureMessages":[],"fullName":"ReservesController should be defined","invocations":1,"location":null,"numPassingAsserts":1,"retryReasons":[],"status":"passed","title":"should be defined"},{"ancestorTitles":["ReservesController","create"],"duration":13,"failureDetails":[],"failureMessages":[],"fullName":"ReservesController create should call service.create","invocations":1,"location":null,"numPassingAsserts":2,"retryReasons":[],"status":"passed","title":"should call service.create"},{"ancestorTitles":["ReservesController","updateEstado"],"duration":9,"failureDetails":[],"failureMessages":[],"fullName":"ReservesController updateEstado should call service.updateEstado","invocations":1,"location":null,"numPassingAsserts":2,"retryReasons":[],"status":"passed","title":"should call service.updateEstado"},{"ancestorTitles":["ReservesController","delete"],"duration":14,"failureDetails":[],"failureMessages":[],"fullName":"ReservesController delete should call service.delete","invocations":1,"location":null,"numPassingAsserts":2,"retryReasons":[],"status":"passed","title":"should call service.delete"},{"ancestorTitles":["ReservesController","update"],"duration":6,"failureDetails":[],"failureMessages":[],"fullName":"ReservesController update should call service.update","invocations":1,"location":null,"numPassingAsserts":2,"retryReasons":[],"status":"passed","title":"should call service.update"}],"endTime":1771867823776,"message":"","name":"C:\\Users\\amaam\\Documents\\GitHub\\android-pds24_4a\\BookMeNow-app\\backend\\src\\reserves\\reserves.controller.spec.ts","startTime":1771867819710,"status":"passed","summary":""},{"assertionResults":[{"ancestorTitles":["EmpresasService","create"],"duration":23,"failureDetails":[],"failureMessages":[],"fullName":"EmpresasService create debería crear una nueva empresa","invocations":1,"location":null,"numPassingAsserts":2,"retryReasons":[],"status":"passed","title":"debería crear una nueva empresa"},{"ancestorTitles":["EmpresasService","findAll"],"duration":10,"failureDetails":[],"failureMessages":[],"fullName":"EmpresasService findAll debería devolver todas las empresas","invocations":1,"location":null,"numPassingAsserts":2,"retryReasons":[],"status":"passed","title":"debería devolver todas las empresas"},{"ancestorTitles":["EmpresasService","findOne"],"duration":10,"failureDetails":[],"failureMessages":[],"fullName":"EmpresasService findOne debería devolver una empresa por ID","invocations":1,"location":null,"numPassingAsserts":1,"retryReasons":[],"status":"passed","title":"debería devolver una empresa por ID"},{"ancestorTitles":["EmpresasService","findOne"],"duration":67,"failureDetails":[],"failureMessages":[],"fullName":"EmpresasService findOne debería lanzar NotFoundException si la empresa no existe","invocations":1,"location":null,"numPassingAsserts":1,"retryReasons":[],"status":"passed","title":"debería lanzar NotFoundException si la empresa no existe"},{"ancestorTitles":["EmpresasService","update"],"duration":6,"failureDetails":[],"failureMessages":[],"fullName":"EmpresasService update debería actualizar una empresa","invocations":1,"location":null,"numPassingAsserts":2,"retryReasons":[],"status":"passed","title":"debería actualizar una empresa"},{"ancestorTitles":["EmpresasService","remove"],"duration":13,"failureDetails":[],"failureMessages":[],"fullName":"EmpresasService remove debería desactivar una empresa y sus entidades relacionadas","invocations":1,"location":null,"numPassingAsserts":2,"retryReasons":[],"status":"passed","title":"debería desactivar una empresa y sus entidades relacionadas"},{"ancestorTitles":["EmpresasService","remove"],"duration":8,"failureDetails":[],"failureMessages":[],"fullName":"EmpresasService remove debería lanzar NotFoundException si la empresa no existe","invocations":1,"location":null,"numPassingAsserts":1,"retryReasons":[],"status":"passed","title":"debería lanzar NotFoundException si la empresa no existe"}],"endTime":1771867823836,"message":"","name":"C:\\Users\\amaam\\Documents\\GitHub\\android-pds24_4a\\BookMeNow-app\\backend\\src\\empresas\\empresas.service.spec.ts","startTime":1771867822191,"status":"passed","summary":""},{"assertionResults":[{"ancestorTitles":["JornadesController"],"duration":20,"failureDetails":[],"failureMessages":[],"fullName":"JornadesController should be defined","invocations":1,"location":null,"numPassingAsserts":1,"retryReasons":[],"status":"passed","title":"should be defined"},{"ancestorTitles":["JornadesController","create"],"duration":21,"failureDetails":[],"failureMessages":[],"fullName":"JornadesController create should call service.create","invocations":1,"location":null,"numPassingAsserts":2,"retryReasons":[],"status":"passed","title":"should call service.create"},{"ancestorTitles":["JornadesController","findAll"],"duration":15,"failureDetails":[],"failureMessages":[],"fullName":"JornadesController findAll should call service.findAll","invocations":1,"location":null,"numPassingAsserts":2,"retryReasons":[],"status":"passed","title":"should call service.findAll"}],"endTime":1771867824207,"message":"","name":"C:\\Users\\amaam\\Documents\\GitHub\\android-pds24_4a\\BookMeNow-app\\backend\\src\\jornades\\jornades.controller.spec.ts","startTime":1771867820206,"status":"passed","summary":""},{"assertionResults":[{"ancestorTitles":["JornadesService"],"duration":18,"failureDetails":[],"failureMessages":[],"fullName":"JornadesService should be defined","invocations":1,"location":null,"numPassingAsserts":1,"retryReasons":[],"status":"passed","title":"should be defined"},{"ancestorTitles":["JornadesService","create"],"duration":9,"failureDetails":[],"failureMessages":[],"fullName":"JornadesService create should create a jornada plantilla","invocations":1,"location":null,"numPassingAsserts":2,"retryReasons":[],"status":"passed","title":"should create a jornada plantilla"},{"ancestorTitles":["JornadesService","create"],"duration":70,"failureDetails":[],"failureMessages":[],"fullName":"JornadesService create should throw ForbiddenException if user not in empresa","invocations":1,"location":null,"numPassingAsserts":1,"retryReasons":[],"status":"passed","title":"should throw ForbiddenException if user not in empresa"},{"ancestorTitles":["JornadesService","create"],"duration":18,"failureDetails":[],"failureMessages":[],"fullName":"JornadesService create should throw NotFoundException if empresa not found","invocations":1,"location":null,"numPassingAsserts":1,"retryReasons":[],"status":"passed","title":"should throw NotFoundException if empresa not found"},{"ancestorTitles":["JornadesService","findAll"],"duration":14,"failureDetails":[],"failureMessages":[],"fullName":"JornadesService findAll should return all plantilles for an empresa","invocations":1,"location":null,"numPassingAsserts":2,"retryReasons":[],"status":"passed","title":"should return all plantilles for an empresa"},{"ancestorTitles":["JornadesService","findAll"],"duration":14,"failureDetails":[],"failureMessages":[],"fullName":"JornadesService findAll should throw ForbiddenException if user not in empresa","invocations":1,"location":null,"numPassingAsserts":1,"retryReasons":[],"status":"passed","title":"should throw ForbiddenException if user not in empresa"},{"ancestorTitles":["JornadesService","findAll"],"duration":10,"failureDetails":[],"failureMessages":[],"fullName":"JornadesService findAll should throw NotFoundException if empresa not found","invocations":1,"location":null,"numPassingAsserts":1,"retryReasons":[],"status":"passed","title":"should throw NotFoundException if empresa not found"}],"endTime":1771867824518,"message":"","name":"C:\\Users\\amaam\\Documents\\GitHub\\android-pds24_4a\\BookMeNow-app\\backend\\src\\jornades\\jornades.service.spec.ts","startTime":1771867822673,"status":"passed","summary":""},{"assertionResults":[{"ancestorTitles":["ClientsService"],"duration":16,"failureDetails":[],"failureMessages":[],"fullName":"ClientsService should be defined","invocations":1,"location":null,"numPassingAsserts":1,"retryReasons":[],"status":"passed","title":"should be defined"}],"endTime":1771867825061,"message":"","name":"C:\\Users\\amaam\\Documents\\GitHub\\android-pds24_4a\\BookMeNow-app\\backend\\src\\clients\\clients.service.spec.ts","startTime":1771867823540,"status":"passed","summary":""},{"assertionResults":[],"coverage":{},"endTime":1771867830182,"message":"  \u001b[1m● \u001b[22mTest suite failed to run\n\n    Cannot find module '@/common/decorators/roles.decorator' from 'treballadors/treballadors.controller.ts'\n\n    Require stack:\n      treballadors/treballadors.controller.ts\n      treballadors/treballadors.controller.spec.ts\n\n    \u001b[0m \u001b[90m 4 |\u001b[39m \u001b[36mimport\u001b[39m { \u001b[33mRolesGuard\u001b[39m } \u001b[36mfrom\u001b[39m \u001b[32m'../common/guards/roles.guard'\u001b[39m\u001b[33m;\u001b[39m\n     \u001b[90m 5 |\u001b[39m \u001b[36mimport\u001b[39m { \u001b[33mCurrentUser\u001b[39m\u001b[33m,\u001b[39m \u001b[33mCurrentUserData\u001b[39m } \u001b[36mfrom\u001b[39m \u001b[32m'../common/decorators/current-user.decorator'\u001b[39m\u001b[33m;\u001b[39m\n    \u001b[31m\u001b[1m>\u001b[22m\u001b[39m\u001b[90m 6 |\u001b[39m \u001b[36mimport\u001b[39m { \u001b[33mRoles\u001b[39m } \u001b[36mfrom\u001b[39m \u001b[32m'@/common/decorators/roles.decorator'\u001b[39m\u001b[33m;\u001b[39m\n     \u001b[90m   |\u001b[39m \u001b[31m\u001b[1m^\u001b[22m\u001b[39m\n     \u001b[90m 7 |\u001b[39m \u001b[36mimport\u001b[39m { \u001b[33mApiOperation\u001b[39m\u001b[33m,\u001b[39m \u001b[33mApiResponse\u001b[39m\u001b[33m,\u001b[39m \u001b[33mApiBody\u001b[39m } \u001b[36mfrom\u001b[39m \u001b[32m'@nestjs/swagger'\u001b[39m\u001b[33m;\u001b[39m\n     \u001b[90m 8 |\u001b[39m \u001b[36mimport\u001b[39m { \u001b[33mCreateJornadaTreballadorExistDto\u001b[39m\u001b[33m,\u001b[39m \u001b[33mCreateTreballadorDto\u001b[39m\u001b[33m,\u001b[39m \u001b[33mJornadaTreballadorDto\u001b[39m } \u001b[36mfrom\u001b[39m \u001b[32m'./dto/CreateTreballadorDto'\u001b[39m\u001b[33m;\u001b[39m\n     \u001b[90m 9 |\u001b[39m \u001b[36mimport\u001b[39m { \u001b[33mAssignarServeisDto\u001b[39m } \u001b[36mfrom\u001b[39m \u001b[32m'./dto/AssignarServeisDto'\u001b[39m\u001b[33m;\u001b[39m\u001b[0m\n\n      \u001b[2mat Resolver._throwModNotFoundError (\u001b[22m../node_modules/jest-resolve/build/resolver.js\u001b[2m:427:11)\u001b[22m\n      \u001b[2mat Object.<anonymous> (\u001b[22mtreballadors/treballadors.controller.ts\u001b[2m:6:1)\u001b[22m\n      \u001b[2mat Object.<anonymous> (\u001b[22m\u001b[0m\u001b[36mtreballadors/treballadors.controller.spec.ts\u001b[39m\u001b[0m\u001b[2m:2:1)\u001b[22m\n","name":"C:\\Users\\amaam\\Documents\\GitHub\\android-pds24_4a\\BookMeNow-app\\backend\\src\\treballadors\\treballadors.controller.spec.ts","startTime":1771867830182,"status":"failed","summary":""},{"assertionResults":[],"coverage":{},"endTime":1771867830182,"message":"  \u001b[1m● \u001b[22mTest suite failed to run\n\n    \u001b[96msrc/absencies/absencies.service.ts\u001b[0m:\u001b[93m23\u001b[0m:\u001b[93m17\u001b[0m - \u001b[91merror\u001b[0m\u001b[90m TS2322: \u001b[0mType 'number' is not assignable to type 'TipusAbsencia'.\n\n    \u001b[7m23\u001b[0m                 tipus: dto.idTipusAbsencia,\n    \u001b[7m  \u001b[0m \u001b[91m                ~~~~~\u001b[0m\n\n      \u001b[96mnode_modules/.prisma/client/index.d.ts\u001b[0m:\u001b[93m25124\u001b[0m:\u001b[93m5\u001b[0m\n        \u001b[7m25124\u001b[0m     tipus: $Enums.TipusAbsencia\n        \u001b[7m     \u001b[0m \u001b[96m    ~~~~~\u001b[0m\n        The expected type comes from property 'tipus' which is declared here on type '(Without<AbsenciaCreateInput, AbsenciaUncheckedCreateInput> & AbsenciaUncheckedCreateInput) | (Without<...> & AbsenciaCreateInput)'\n","name":"C:\\Users\\amaam\\Documents\\GitHub\\android-pds24_4a\\BookMeNow-app\\backend\\src\\absencies\\absencies.service.spec.ts","startTime":1771867830182,"status":"failed","summary":""},{"assertionResults":[],"coverage":{},"endTime":1771867830182,"message":"  \u001b[1m● \u001b[22mTest suite failed to run\n\n    \u001b[96msrc/absencies/absencies.service.ts\u001b[0m:\u001b[93m23\u001b[0m:\u001b[93m17\u001b[0m - \u001b[91merror\u001b[0m\u001b[90m TS2322: \u001b[0mType 'number' is not assignable to type 'TipusAbsencia'.\n\n    \u001b[7m23\u001b[0m                 tipus: dto.idTipusAbsencia,\n    \u001b[7m  \u001b[0m \u001b[91m                ~~~~~\u001b[0m\n\n      \u001b[96mnode_modules/.prisma/client/index.d.ts\u001b[0m:\u001b[93m25124\u001b[0m:\u001b[93m5\u001b[0m\n        \u001b[7m25124\u001b[0m     tipus: $Enums.TipusAbsencia\n        \u001b[7m     \u001b[0m \u001b[96m    ~~~~~\u001b[0m\n        The expected type comes from property 'tipus' which is declared here on type '(Without<AbsenciaCreateInput, AbsenciaUncheckedCreateInput> & AbsenciaUncheckedCreateInput) | (Without<...> & AbsenciaCreateInput)'\n","name":"C:\\Users\\amaam\\Documents\\GitHub\\android-pds24_4a\\BookMeNow-app\\backend\\src\\absencies\\absencies.controller.spec.ts","startTime":1771867830182,"status":"failed","summary":""}],"wasInterrupted":false}
